# Logfile created on 2014-05-13 16:34:07 -0700 by logger.rb/41954
I, [2014-05-13T16:34:07.966007 #850]  INFO -- : 0:  rake (10.3.1) from /Users/timminkov/.rvm/gems/ruby-2.0.0-p353/specifications/rake-10.3.1.gemspec
I, [2014-05-13T16:34:07.966619 #850]  INFO -- : 0:  i18n (0.6.9) from /Users/timminkov/.rvm/gems/ruby-2.0.0-p353/specifications/i18n-0.6.9.gemspec
I, [2014-05-13T16:34:07.967072 #850]  INFO -- : 0:  minitest (4.7.5) from /Users/timminkov/.rvm/gems/ruby-2.0.0-p353/specifications/minitest-4.7.5.gemspec
I, [2014-05-13T16:34:07.967423 #850]  INFO -- : 0:  multi_json (1.10.0) from /Users/timminkov/.rvm/gems/ruby-2.0.0-p353/specifications/multi_json-1.10.0.gemspec
I, [2014-05-13T16:34:07.967737 #850]  INFO -- : 0:  thread_safe (0.3.3) from /Users/timminkov/.rvm/gems/ruby-2.0.0-p353/specifications/thread_safe-0.3.3.gemspec
I, [2014-05-13T16:34:07.968028 #850]  INFO -- : 0:  tzinfo (0.3.39) from /Users/timminkov/.rvm/gems/ruby-2.0.0-p353/specifications/tzinfo-0.3.39.gemspec
I, [2014-05-13T16:34:07.968372 #850]  INFO -- : 0:  activesupport (4.0.3) from /Users/timminkov/.rvm/gems/ruby-2.0.0-p353/specifications/activesupport-4.0.3.gemspec
I, [2014-05-13T16:34:07.968607 #850]  INFO -- : 0:  builder (3.1.4) from /Users/timminkov/.rvm/gems/ruby-2.0.0-p353/specifications/builder-3.1.4.gemspec
I, [2014-05-13T16:34:07.968821 #850]  INFO -- : 0:  erubis (2.7.0) from /Users/timminkov/.rvm/gems/ruby-2.0.0-p353/specifications/erubis-2.7.0.gemspec
I, [2014-05-13T16:34:07.969036 #850]  INFO -- : 0:  rack (1.5.2) from /Users/timminkov/.rvm/gems/ruby-2.0.0-p353/specifications/rack-1.5.2.gemspec
I, [2014-05-13T16:34:07.969244 #850]  INFO -- : 0:  rack-test (0.6.2) from /Users/timminkov/.rvm/gems/ruby-2.0.0-p353/specifications/rack-test-0.6.2.gemspec
I, [2014-05-13T16:34:07.969500 #850]  INFO -- : 0:  actionpack (4.0.3) from /Users/timminkov/.rvm/gems/ruby-2.0.0-p353/specifications/actionpack-4.0.3.gemspec
I, [2014-05-13T16:34:07.970019 #850]  INFO -- : 0:  mime-types (1.25.1) from /Users/timminkov/.rvm/gems/ruby-2.0.0-p353/specifications/mime-types-1.25.1.gemspec
I, [2014-05-13T16:34:07.970489 #850]  INFO -- : 0:  polyglot (0.3.4) from /Users/timminkov/.rvm/gems/ruby-2.0.0-p353/specifications/polyglot-0.3.4.gemspec
I, [2014-05-13T16:34:07.970821 #850]  INFO -- : 0:  treetop (1.4.15) from /Users/timminkov/.rvm/gems/ruby-2.0.0-p353/specifications/treetop-1.4.15.gemspec
I, [2014-05-13T16:34:07.971070 #850]  INFO -- : 0:  mail (2.5.4) from /Users/timminkov/.rvm/gems/ruby-2.0.0-p353/specifications/mail-2.5.4.gemspec
I, [2014-05-13T16:34:07.971314 #850]  INFO -- : 0:  actionmailer (4.0.3) from /Users/timminkov/.rvm/gems/ruby-2.0.0-p353/specifications/actionmailer-4.0.3.gemspec
I, [2014-05-13T16:34:07.971619 #850]  INFO -- : 0:  activemodel (4.0.3) from /Users/timminkov/.rvm/gems/ruby-2.0.0-p353/specifications/activemodel-4.0.3.gemspec
I, [2014-05-13T16:34:07.971913 #850]  INFO -- : 0:  activerecord-deprecated_finders (1.0.3) from /Users/timminkov/.rvm/gems/ruby-2.0.0-p353/specifications/activerecord-deprecated_finders-1.0.3.gemspec
I, [2014-05-13T16:34:07.972156 #850]  INFO -- : 0:  arel (4.0.2) from /Users/timminkov/.rvm/gems/ruby-2.0.0-p353/specifications/arel-4.0.2.gemspec
I, [2014-05-13T16:34:07.972413 #850]  INFO -- : 0:  activerecord (4.0.3) from /Users/timminkov/.rvm/gems/ruby-2.0.0-p353/specifications/activerecord-4.0.3.gemspec
I, [2014-05-13T16:34:07.972766 #850]  INFO -- : 0:  bundler (1.5.1) from /Users/timminkov/.rvm/gems/ruby-2.0.0-p353@global/specifications/bundler-1.5.1.gemspec
I, [2014-05-13T16:34:07.973032 #850]  INFO -- : 0:  coffee-script-source (1.7.0) from /Users/timminkov/.rvm/gems/ruby-2.0.0-p353/specifications/coffee-script-source-1.7.0.gemspec
I, [2014-05-13T16:34:07.973280 #850]  INFO -- : 0:  execjs (2.0.2) from /Users/timminkov/.rvm/gems/ruby-2.0.0-p353/specifications/execjs-2.0.2.gemspec
I, [2014-05-13T16:34:07.973523 #850]  INFO -- : 0:  coffee-script (2.2.0) from /Users/timminkov/.rvm/gems/ruby-2.0.0-p353/specifications/coffee-script-2.2.0.gemspec
I, [2014-05-13T16:34:07.973771 #850]  INFO -- : 0:  thor (0.19.1) from /Users/timminkov/.rvm/gems/ruby-2.0.0-p353/specifications/thor-0.19.1.gemspec
I, [2014-05-13T16:34:07.974036 #850]  INFO -- : 0:  railties (4.0.3) from /Users/timminkov/.rvm/gems/ruby-2.0.0-p353/specifications/railties-4.0.3.gemspec
I, [2014-05-13T16:34:07.974273 #850]  INFO -- : 0:  coffee-rails (4.0.1) from /Users/timminkov/.rvm/gems/ruby-2.0.0-p353/specifications/coffee-rails-4.0.1.gemspec
I, [2014-05-13T16:34:07.974495 #850]  INFO -- : 0:  hike (1.2.3) from /Users/timminkov/.rvm/gems/ruby-2.0.0-p353/specifications/hike-1.2.3.gemspec
I, [2014-05-13T16:34:07.974716 #850]  INFO -- : 0:  jbuilder (1.5.3) from /Users/timminkov/.rvm/gems/ruby-2.0.0-p353/specifications/jbuilder-1.5.3.gemspec
I, [2014-05-13T16:34:07.974939 #850]  INFO -- : 0:  jquery-rails (3.1.0) from /Users/timminkov/.rvm/gems/ruby-2.0.0-p353/specifications/jquery-rails-3.1.0.gemspec
I, [2014-05-13T16:34:07.975161 #850]  INFO -- : 0:  json (1.8.1) from /Users/timminkov/.rvm/gems/ruby-2.0.0-p353/specifications/json-1.8.1.gemspec
I, [2014-05-13T16:34:07.975434 #850]  INFO -- : 0:  tilt (1.4.1) from /Users/timminkov/.rvm/gems/ruby-2.0.0-p353/specifications/tilt-1.4.1.gemspec
I, [2014-05-13T16:34:07.975683 #850]  INFO -- : 0:  sprockets (2.11.0) from /Users/timminkov/.rvm/gems/ruby-2.0.0-p353/specifications/sprockets-2.11.0.gemspec
I, [2014-05-13T16:34:07.975972 #850]  INFO -- : 0:  sprockets-rails (2.0.1) from /Users/timminkov/.rvm/gems/ruby-2.0.0-p353/specifications/sprockets-rails-2.0.1.gemspec
I, [2014-05-13T16:34:07.976287 #850]  INFO -- : 0:  rails (4.0.3) from /Users/timminkov/.rvm/gems/ruby-2.0.0-p353/specifications/rails-4.0.3.gemspec
I, [2014-05-13T16:34:07.976687 #850]  INFO -- : 0:  rdoc (4.1.1) from /Users/timminkov/.rvm/gems/ruby-2.0.0-p353/specifications/rdoc-4.1.1.gemspec
I, [2014-05-13T16:34:07.976956 #850]  INFO -- : 0:  sass (3.2.19) from /Users/timminkov/.rvm/gems/ruby-2.0.0-p353/specifications/sass-3.2.19.gemspec
I, [2014-05-13T16:34:09.165556 #850]  INFO -- : 0:  sass-rails (4.0.3) from /Users/timminkov/.rvm/gems/ruby-2.0.0-p353/specifications/sass-rails-4.0.3.gemspec
I, [2014-05-13T16:34:09.165996 #850]  INFO -- : 0:  sdoc (0.4.0) from /Users/timminkov/.rvm/gems/ruby-2.0.0-p353/specifications/sdoc-0.4.0.gemspec
I, [2014-05-13T16:34:12.820721 #850]  INFO -- : 0:  sqlite3 (1.3.9) from /Users/timminkov/.rvm/gems/ruby-2.0.0-p353/specifications/sqlite3-1.3.9.gemspec
I, [2014-05-13T16:34:13.533478 #850]  INFO -- : 0:  turbolinks (2.2.2) from /Users/timminkov/.rvm/gems/ruby-2.0.0-p353/specifications/turbolinks-2.2.2.gemspec
I, [2014-05-13T16:34:13.533875 #850]  INFO -- : 0:  uglifier (2.5.0) from /Users/timminkov/.rvm/gems/ruby-2.0.0-p353/specifications/uglifier-2.5.0.gemspec
I, [2014-05-13T16:39:49.531189 #1398]  INFO -- : 0:  rake (10.3.1) from /Users/timminkov/.rvm/gems/ruby-2.0.0-p353/specifications/rake-10.3.1.gemspec
I, [2014-05-13T16:39:49.531695 #1398]  INFO -- : 0:  i18n (0.6.9) from /Users/timminkov/.rvm/gems/ruby-2.0.0-p353/specifications/i18n-0.6.9.gemspec
I, [2014-05-13T16:39:49.532341 #1398]  INFO -- : 0:  minitest (4.7.5) from /Users/timminkov/.rvm/gems/ruby-2.0.0-p353/specifications/minitest-4.7.5.gemspec
I, [2014-05-13T16:39:49.532904 #1398]  INFO -- : 0:  multi_json (1.10.0) from /Users/timminkov/.rvm/gems/ruby-2.0.0-p353/specifications/multi_json-1.10.0.gemspec
I, [2014-05-13T16:39:49.533399 #1398]  INFO -- : 0:  thread_safe (0.3.3) from /Users/timminkov/.rvm/gems/ruby-2.0.0-p353/specifications/thread_safe-0.3.3.gemspec
I, [2014-05-13T16:39:49.533886 #1398]  INFO -- : 0:  tzinfo (0.3.39) from /Users/timminkov/.rvm/gems/ruby-2.0.0-p353/specifications/tzinfo-0.3.39.gemspec
I, [2014-05-13T16:39:49.534373 #1398]  INFO -- : 0:  activesupport (4.0.3) from /Users/timminkov/.rvm/gems/ruby-2.0.0-p353/specifications/activesupport-4.0.3.gemspec
I, [2014-05-13T16:39:49.534771 #1398]  INFO -- : 0:  builder (3.1.4) from /Users/timminkov/.rvm/gems/ruby-2.0.0-p353/specifications/builder-3.1.4.gemspec
I, [2014-05-13T16:39:49.535278 #1398]  INFO -- : 0:  erubis (2.7.0) from /Users/timminkov/.rvm/gems/ruby-2.0.0-p353/specifications/erubis-2.7.0.gemspec
I, [2014-05-13T16:39:49.535611 #1398]  INFO -- : 0:  rack (1.5.2) from /Users/timminkov/.rvm/gems/ruby-2.0.0-p353/specifications/rack-1.5.2.gemspec
I, [2014-05-13T16:39:49.535914 #1398]  INFO -- : 0:  rack-test (0.6.2) from /Users/timminkov/.rvm/gems/ruby-2.0.0-p353/specifications/rack-test-0.6.2.gemspec
I, [2014-05-13T16:39:49.536235 #1398]  INFO -- : 0:  actionpack (4.0.3) from /Users/timminkov/.rvm/gems/ruby-2.0.0-p353/specifications/actionpack-4.0.3.gemspec
I, [2014-05-13T16:39:49.536555 #1398]  INFO -- : 0:  mime-types (1.25.1) from /Users/timminkov/.rvm/gems/ruby-2.0.0-p353/specifications/mime-types-1.25.1.gemspec
I, [2014-05-13T16:39:49.536879 #1398]  INFO -- : 0:  polyglot (0.3.4) from /Users/timminkov/.rvm/gems/ruby-2.0.0-p353/specifications/polyglot-0.3.4.gemspec
I, [2014-05-13T16:39:49.537197 #1398]  INFO -- : 0:  treetop (1.4.15) from /Users/timminkov/.rvm/gems/ruby-2.0.0-p353/specifications/treetop-1.4.15.gemspec
I, [2014-05-13T16:39:49.537492 #1398]  INFO -- : 0:  mail (2.5.4) from /Users/timminkov/.rvm/gems/ruby-2.0.0-p353/specifications/mail-2.5.4.gemspec
I, [2014-05-13T16:39:49.537814 #1398]  INFO -- : 0:  actionmailer (4.0.3) from /Users/timminkov/.rvm/gems/ruby-2.0.0-p353/specifications/actionmailer-4.0.3.gemspec
I, [2014-05-13T16:39:49.538222 #1398]  INFO -- : 0:  activemodel (4.0.3) from /Users/timminkov/.rvm/gems/ruby-2.0.0-p353/specifications/activemodel-4.0.3.gemspec
I, [2014-05-13T16:39:49.538521 #1398]  INFO -- : 0:  activerecord-deprecated_finders (1.0.3) from /Users/timminkov/.rvm/gems/ruby-2.0.0-p353/specifications/activerecord-deprecated_finders-1.0.3.gemspec
I, [2014-05-13T16:39:49.538814 #1398]  INFO -- : 0:  arel (4.0.2) from /Users/timminkov/.rvm/gems/ruby-2.0.0-p353/specifications/arel-4.0.2.gemspec
I, [2014-05-13T16:39:49.539103 #1398]  INFO -- : 0:  activerecord (4.0.3) from /Users/timminkov/.rvm/gems/ruby-2.0.0-p353/specifications/activerecord-4.0.3.gemspec
I, [2014-05-13T16:39:49.539422 #1398]  INFO -- : 0:  bundler (1.5.1) from /Users/timminkov/.rvm/gems/ruby-2.0.0-p353@global/specifications/bundler-1.5.1.gemspec
I, [2014-05-13T16:39:49.539727 #1398]  INFO -- : 0:  coffee-script-source (1.7.0) from /Users/timminkov/.rvm/gems/ruby-2.0.0-p353/specifications/coffee-script-source-1.7.0.gemspec
I, [2014-05-13T16:39:49.539981 #1398]  INFO -- : 0:  execjs (2.0.2) from /Users/timminkov/.rvm/gems/ruby-2.0.0-p353/specifications/execjs-2.0.2.gemspec
I, [2014-05-13T16:39:49.540230 #1398]  INFO -- : 0:  coffee-script (2.2.0) from /Users/timminkov/.rvm/gems/ruby-2.0.0-p353/specifications/coffee-script-2.2.0.gemspec
I, [2014-05-13T16:39:49.540480 #1398]  INFO -- : 0:  thor (0.19.1) from /Users/timminkov/.rvm/gems/ruby-2.0.0-p353/specifications/thor-0.19.1.gemspec
I, [2014-05-13T16:39:49.540721 #1398]  INFO -- : 0:  railties (4.0.3) from /Users/timminkov/.rvm/gems/ruby-2.0.0-p353/specifications/railties-4.0.3.gemspec
I, [2014-05-13T16:39:49.541137 #1398]  INFO -- : 0:  coffee-rails (4.0.1) from /Users/timminkov/.rvm/gems/ruby-2.0.0-p353/specifications/coffee-rails-4.0.1.gemspec
I, [2014-05-13T16:39:49.541426 #1398]  INFO -- : 0:  hike (1.2.3) from /Users/timminkov/.rvm/gems/ruby-2.0.0-p353/specifications/hike-1.2.3.gemspec
I, [2014-05-13T16:39:49.541712 #1398]  INFO -- : 0:  jbuilder (1.5.3) from /Users/timminkov/.rvm/gems/ruby-2.0.0-p353/specifications/jbuilder-1.5.3.gemspec
I, [2014-05-13T16:39:49.542005 #1398]  INFO -- : 0:  jquery-rails (3.1.0) from /Users/timminkov/.rvm/gems/ruby-2.0.0-p353/specifications/jquery-rails-3.1.0.gemspec
I, [2014-05-13T16:39:49.542365 #1398]  INFO -- : 0:  json (1.8.1) from /Users/timminkov/.rvm/gems/ruby-2.0.0-p353/specifications/json-1.8.1.gemspec
I, [2014-05-13T16:39:49.542648 #1398]  INFO -- : 0:  pg (0.17.1) from /Users/timminkov/.rvm/gems/ruby-2.0.0-p353/specifications/pg-0.17.1.gemspec
I, [2014-05-13T16:39:49.542940 #1398]  INFO -- : 0:  tilt (1.4.1) from /Users/timminkov/.rvm/gems/ruby-2.0.0-p353/specifications/tilt-1.4.1.gemspec
I, [2014-05-13T16:39:49.543239 #1398]  INFO -- : 0:  sprockets (2.11.0) from /Users/timminkov/.rvm/gems/ruby-2.0.0-p353/specifications/sprockets-2.11.0.gemspec
I, [2014-05-13T16:39:49.543669 #1398]  INFO -- : 0:  sprockets-rails (2.0.1) from /Users/timminkov/.rvm/gems/ruby-2.0.0-p353/specifications/sprockets-rails-2.0.1.gemspec
I, [2014-05-13T16:39:49.544353 #1398]  INFO -- : 0:  rails (4.0.3) from /Users/timminkov/.rvm/gems/ruby-2.0.0-p353/specifications/rails-4.0.3.gemspec
I, [2014-05-13T16:39:49.544733 #1398]  INFO -- : 0:  rdoc (4.1.1) from /Users/timminkov/.rvm/gems/ruby-2.0.0-p353/specifications/rdoc-4.1.1.gemspec
I, [2014-05-13T16:39:49.545091 #1398]  INFO -- : 0:  sass (3.2.19) from /Users/timminkov/.rvm/gems/ruby-2.0.0-p353/specifications/sass-3.2.19.gemspec
I, [2014-05-13T16:39:49.545434 #1398]  INFO -- : 0:  sass-rails (4.0.3) from /Users/timminkov/.rvm/gems/ruby-2.0.0-p353/specifications/sass-rails-4.0.3.gemspec
I, [2014-05-13T16:39:49.545762 #1398]  INFO -- : 0:  sdoc (0.4.0) from /Users/timminkov/.rvm/gems/ruby-2.0.0-p353/specifications/sdoc-0.4.0.gemspec
I, [2014-05-13T16:39:49.546117 #1398]  INFO -- : 0:  turbolinks (2.2.2) from /Users/timminkov/.rvm/gems/ruby-2.0.0-p353/specifications/turbolinks-2.2.2.gemspec
I, [2014-05-13T16:39:49.546433 #1398]  INFO -- : 0:  uglifier (2.5.0) from /Users/timminkov/.rvm/gems/ruby-2.0.0-p353/specifications/uglifier-2.5.0.gemspec
I, [2014-05-13T16:54:30.728163 #2473]  INFO -- : 0:  rake (10.3.1) from /Users/timminkov/.rvm/gems/ruby-2.0.0-p353/specifications/rake-10.3.1.gemspec
I, [2014-05-13T16:54:30.729227 #2473]  INFO -- : 0:  i18n (0.6.9) from /Users/timminkov/.rvm/gems/ruby-2.0.0-p353/specifications/i18n-0.6.9.gemspec
I, [2014-05-13T16:54:30.729747 #2473]  INFO -- : 0:  minitest (4.7.5) from /Users/timminkov/.rvm/gems/ruby-2.0.0-p353/specifications/minitest-4.7.5.gemspec
I, [2014-05-13T16:54:30.730340 #2473]  INFO -- : 0:  multi_json (1.10.0) from /Users/timminkov/.rvm/gems/ruby-2.0.0-p353/specifications/multi_json-1.10.0.gemspec
I, [2014-05-13T16:54:30.731091 #2473]  INFO -- : 0:  thread_safe (0.3.3) from /Users/timminkov/.rvm/gems/ruby-2.0.0-p353/specifications/thread_safe-0.3.3.gemspec
I, [2014-05-13T16:54:30.731685 #2473]  INFO -- : 0:  tzinfo (0.3.39) from /Users/timminkov/.rvm/gems/ruby-2.0.0-p353/specifications/tzinfo-0.3.39.gemspec
I, [2014-05-13T16:54:30.732180 #2473]  INFO -- : 0:  activesupport (4.0.3) from /Users/timminkov/.rvm/gems/ruby-2.0.0-p353/specifications/activesupport-4.0.3.gemspec
I, [2014-05-13T16:54:30.732610 #2473]  INFO -- : 0:  builder (3.1.4) from /Users/timminkov/.rvm/gems/ruby-2.0.0-p353/specifications/builder-3.1.4.gemspec
I, [2014-05-13T16:54:30.732997 #2473]  INFO -- : 0:  erubis (2.7.0) from /Users/timminkov/.rvm/gems/ruby-2.0.0-p353/specifications/erubis-2.7.0.gemspec
I, [2014-05-13T16:54:30.733577 #2473]  INFO -- : 0:  rack (1.5.2) from /Users/timminkov/.rvm/gems/ruby-2.0.0-p353/specifications/rack-1.5.2.gemspec
I, [2014-05-13T16:54:30.733881 #2473]  INFO -- : 0:  rack-test (0.6.2) from /Users/timminkov/.rvm/gems/ruby-2.0.0-p353/specifications/rack-test-0.6.2.gemspec
I, [2014-05-13T16:54:30.734156 #2473]  INFO -- : 0:  actionpack (4.0.3) from /Users/timminkov/.rvm/gems/ruby-2.0.0-p353/specifications/actionpack-4.0.3.gemspec
I, [2014-05-13T16:54:30.734397 #2473]  INFO -- : 0:  mime-types (1.25.1) from /Users/timminkov/.rvm/gems/ruby-2.0.0-p353/specifications/mime-types-1.25.1.gemspec
I, [2014-05-13T16:54:30.734659 #2473]  INFO -- : 0:  polyglot (0.3.4) from /Users/timminkov/.rvm/gems/ruby-2.0.0-p353/specifications/polyglot-0.3.4.gemspec
I, [2014-05-13T16:54:30.734911 #2473]  INFO -- : 0:  treetop (1.4.15) from /Users/timminkov/.rvm/gems/ruby-2.0.0-p353/specifications/treetop-1.4.15.gemspec
I, [2014-05-13T16:54:30.735170 #2473]  INFO -- : 0:  mail (2.5.4) from /Users/timminkov/.rvm/gems/ruby-2.0.0-p353/specifications/mail-2.5.4.gemspec
I, [2014-05-13T16:54:30.735432 #2473]  INFO -- : 0:  actionmailer (4.0.3) from /Users/timminkov/.rvm/gems/ruby-2.0.0-p353/specifications/actionmailer-4.0.3.gemspec
I, [2014-05-13T16:54:30.735693 #2473]  INFO -- : 0:  activemodel (4.0.3) from /Users/timminkov/.rvm/gems/ruby-2.0.0-p353/specifications/activemodel-4.0.3.gemspec
I, [2014-05-13T16:54:30.735952 #2473]  INFO -- : 0:  activerecord-deprecated_finders (1.0.3) from /Users/timminkov/.rvm/gems/ruby-2.0.0-p353/specifications/activerecord-deprecated_finders-1.0.3.gemspec
I, [2014-05-13T16:54:30.736258 #2473]  INFO -- : 0:  arel (4.0.2) from /Users/timminkov/.rvm/gems/ruby-2.0.0-p353/specifications/arel-4.0.2.gemspec
I, [2014-05-13T16:54:30.736580 #2473]  INFO -- : 0:  activerecord (4.0.3) from /Users/timminkov/.rvm/gems/ruby-2.0.0-p353/specifications/activerecord-4.0.3.gemspec
I, [2014-05-13T16:54:30.736840 #2473]  INFO -- : 0:  bundler (1.5.1) from /Users/timminkov/.rvm/gems/ruby-2.0.0-p353@global/specifications/bundler-1.5.1.gemspec
I, [2014-05-13T16:54:30.737106 #2473]  INFO -- : 0:  coffee-script-source (1.7.0) from /Users/timminkov/.rvm/gems/ruby-2.0.0-p353/specifications/coffee-script-source-1.7.0.gemspec
I, [2014-05-13T16:54:30.737346 #2473]  INFO -- : 0:  execjs (2.0.2) from /Users/timminkov/.rvm/gems/ruby-2.0.0-p353/specifications/execjs-2.0.2.gemspec
I, [2014-05-13T16:54:30.737593 #2473]  INFO -- : 0:  coffee-script (2.2.0) from /Users/timminkov/.rvm/gems/ruby-2.0.0-p353/specifications/coffee-script-2.2.0.gemspec
I, [2014-05-13T16:54:30.737849 #2473]  INFO -- : 0:  thor (0.19.1) from /Users/timminkov/.rvm/gems/ruby-2.0.0-p353/specifications/thor-0.19.1.gemspec
I, [2014-05-13T16:54:30.738109 #2473]  INFO -- : 0:  railties (4.0.3) from /Users/timminkov/.rvm/gems/ruby-2.0.0-p353/specifications/railties-4.0.3.gemspec
I, [2014-05-13T16:54:30.738372 #2473]  INFO -- : 0:  coffee-rails (4.0.1) from /Users/timminkov/.rvm/gems/ruby-2.0.0-p353/specifications/coffee-rails-4.0.1.gemspec
I, [2014-05-13T16:54:30.738629 #2473]  INFO -- : 0:  hike (1.2.3) from /Users/timminkov/.rvm/gems/ruby-2.0.0-p353/specifications/hike-1.2.3.gemspec
I, [2014-05-13T16:54:30.738865 #2473]  INFO -- : 0:  jbuilder (1.5.3) from /Users/timminkov/.rvm/gems/ruby-2.0.0-p353/specifications/jbuilder-1.5.3.gemspec
I, [2014-05-13T16:54:30.739166 #2473]  INFO -- : 0:  jquery-rails (3.1.0) from /Users/timminkov/.rvm/gems/ruby-2.0.0-p353/specifications/jquery-rails-3.1.0.gemspec
I, [2014-05-13T16:54:30.739476 #2473]  INFO -- : 0:  json (1.8.1) from /Users/timminkov/.rvm/gems/ruby-2.0.0-p353/specifications/json-1.8.1.gemspec
I, [2014-05-13T16:54:30.739768 #2473]  INFO -- : 0:  tilt (1.4.1) from /Users/timminkov/.rvm/gems/ruby-2.0.0-p353/specifications/tilt-1.4.1.gemspec
I, [2014-05-13T16:54:30.740067 #2473]  INFO -- : 0:  sprockets (2.11.0) from /Users/timminkov/.rvm/gems/ruby-2.0.0-p353/specifications/sprockets-2.11.0.gemspec
I, [2014-05-13T16:54:30.740378 #2473]  INFO -- : 0:  sprockets-rails (2.0.1) from /Users/timminkov/.rvm/gems/ruby-2.0.0-p353/specifications/sprockets-rails-2.0.1.gemspec
I, [2014-05-13T16:54:30.740684 #2473]  INFO -- : 0:  rails (4.0.3) from /Users/timminkov/.rvm/gems/ruby-2.0.0-p353/specifications/rails-4.0.3.gemspec
I, [2014-05-13T16:54:30.740992 #2473]  INFO -- : 0:  rdoc (4.1.1) from /Users/timminkov/.rvm/gems/ruby-2.0.0-p353/specifications/rdoc-4.1.1.gemspec
I, [2014-05-13T16:54:30.741310 #2473]  INFO -- : 0:  sass (3.2.19) from /Users/timminkov/.rvm/gems/ruby-2.0.0-p353/specifications/sass-3.2.19.gemspec
I, [2014-05-13T16:54:30.741618 #2473]  INFO -- : 0:  sass-rails (4.0.3) from /Users/timminkov/.rvm/gems/ruby-2.0.0-p353/specifications/sass-rails-4.0.3.gemspec
I, [2014-05-13T16:54:30.741920 #2473]  INFO -- : 0:  sdoc (0.4.0) from /Users/timminkov/.rvm/gems/ruby-2.0.0-p353/specifications/sdoc-0.4.0.gemspec
I, [2014-05-13T16:54:30.742307 #2473]  INFO -- : 0:  temple (0.6.7) from /Users/timminkov/.rvm/gems/ruby-2.0.0-p353/specifications/temple-0.6.7.gemspec
I, [2014-05-13T16:54:30.742608 #2473]  INFO -- : 0:  slim (2.0.2) from /Users/timminkov/.rvm/gems/ruby-2.0.0-p353/specifications/slim-2.0.2.gemspec
I, [2014-05-13T16:54:30.742867 #2473]  INFO -- : 0:  turbolinks (2.2.2) from /Users/timminkov/.rvm/gems/ruby-2.0.0-p353/specifications/turbolinks-2.2.2.gemspec
I, [2014-05-13T16:54:30.743126 #2473]  INFO -- : 0:  uglifier (2.5.0) from /Users/timminkov/.rvm/gems/ruby-2.0.0-p353/specifications/uglifier-2.5.0.gemspec
I, [2014-05-13T16:58:41.256676 #2594]  INFO -- : 0:  rake (10.3.1) from /Users/timminkov/.rvm/gems/ruby-2.0.0-p353/specifications/rake-10.3.1.gemspec
I, [2014-05-13T16:58:41.257501 #2594]  INFO -- : 0:  i18n (0.6.9) from /Users/timminkov/.rvm/gems/ruby-2.0.0-p353/specifications/i18n-0.6.9.gemspec
I, [2014-05-13T16:58:41.258114 #2594]  INFO -- : 0:  minitest (4.7.5) from /Users/timminkov/.rvm/gems/ruby-2.0.0-p353/specifications/minitest-4.7.5.gemspec
I, [2014-05-13T16:58:41.258669 #2594]  INFO -- : 0:  multi_json (1.10.0) from /Users/timminkov/.rvm/gems/ruby-2.0.0-p353/specifications/multi_json-1.10.0.gemspec
I, [2014-05-13T16:58:41.259225 #2594]  INFO -- : 0:  thread_safe (0.3.3) from /Users/timminkov/.rvm/gems/ruby-2.0.0-p353/specifications/thread_safe-0.3.3.gemspec
I, [2014-05-13T16:58:41.259818 #2594]  INFO -- : 0:  tzinfo (0.3.39) from /Users/timminkov/.rvm/gems/ruby-2.0.0-p353/specifications/tzinfo-0.3.39.gemspec
I, [2014-05-13T16:58:41.260180 #2594]  INFO -- : 0:  activesupport (4.0.3) from /Users/timminkov/.rvm/gems/ruby-2.0.0-p353/specifications/activesupport-4.0.3.gemspec
I, [2014-05-13T16:58:41.260489 #2594]  INFO -- : 0:  builder (3.1.4) from /Users/timminkov/.rvm/gems/ruby-2.0.0-p353/specifications/builder-3.1.4.gemspec
I, [2014-05-13T16:58:41.260789 #2594]  INFO -- : 0:  erubis (2.7.0) from /Users/timminkov/.rvm/gems/ruby-2.0.0-p353/specifications/erubis-2.7.0.gemspec
I, [2014-05-13T16:58:41.261113 #2594]  INFO -- : 0:  rack (1.5.2) from /Users/timminkov/.rvm/gems/ruby-2.0.0-p353/specifications/rack-1.5.2.gemspec
I, [2014-05-13T16:58:41.261420 #2594]  INFO -- : 0:  rack-test (0.6.2) from /Users/timminkov/.rvm/gems/ruby-2.0.0-p353/specifications/rack-test-0.6.2.gemspec
I, [2014-05-13T16:58:41.261736 #2594]  INFO -- : 0:  actionpack (4.0.3) from /Users/timminkov/.rvm/gems/ruby-2.0.0-p353/specifications/actionpack-4.0.3.gemspec
I, [2014-05-13T16:58:41.262039 #2594]  INFO -- : 0:  mime-types (1.25.1) from /Users/timminkov/.rvm/gems/ruby-2.0.0-p353/specifications/mime-types-1.25.1.gemspec
I, [2014-05-13T16:58:41.262345 #2594]  INFO -- : 0:  polyglot (0.3.4) from /Users/timminkov/.rvm/gems/ruby-2.0.0-p353/specifications/polyglot-0.3.4.gemspec
I, [2014-05-13T16:58:41.262757 #2594]  INFO -- : 0:  treetop (1.4.15) from /Users/timminkov/.rvm/gems/ruby-2.0.0-p353/specifications/treetop-1.4.15.gemspec
I, [2014-05-13T16:58:41.263041 #2594]  INFO -- : 0:  mail (2.5.4) from /Users/timminkov/.rvm/gems/ruby-2.0.0-p353/specifications/mail-2.5.4.gemspec
I, [2014-05-13T16:58:41.263333 #2594]  INFO -- : 0:  actionmailer (4.0.3) from /Users/timminkov/.rvm/gems/ruby-2.0.0-p353/specifications/actionmailer-4.0.3.gemspec
I, [2014-05-13T16:58:41.263626 #2594]  INFO -- : 0:  activemodel (4.0.3) from /Users/timminkov/.rvm/gems/ruby-2.0.0-p353/specifications/activemodel-4.0.3.gemspec
I, [2014-05-13T16:58:41.263939 #2594]  INFO -- : 0:  activerecord-deprecated_finders (1.0.3) from /Users/timminkov/.rvm/gems/ruby-2.0.0-p353/specifications/activerecord-deprecated_finders-1.0.3.gemspec
I, [2014-05-13T16:58:41.264237 #2594]  INFO -- : 0:  arel (4.0.2) from /Users/timminkov/.rvm/gems/ruby-2.0.0-p353/specifications/arel-4.0.2.gemspec
I, [2014-05-13T16:58:41.264542 #2594]  INFO -- : 0:  activerecord (4.0.3) from /Users/timminkov/.rvm/gems/ruby-2.0.0-p353/specifications/activerecord-4.0.3.gemspec
I, [2014-05-13T16:58:41.264836 #2594]  INFO -- : 0:  coffee-script-source (1.7.0) from /Users/timminkov/.rvm/gems/ruby-2.0.0-p353/specifications/coffee-script-source-1.7.0.gemspec
I, [2014-05-13T16:58:41.265121 #2594]  INFO -- : 0:  execjs (2.0.2) from /Users/timminkov/.rvm/gems/ruby-2.0.0-p353/specifications/execjs-2.0.2.gemspec
I, [2014-05-13T16:58:41.265448 #2594]  INFO -- : 0:  coffee-script (2.2.0) from /Users/timminkov/.rvm/gems/ruby-2.0.0-p353/specifications/coffee-script-2.2.0.gemspec
I, [2014-05-13T16:58:41.265812 #2594]  INFO -- : 0:  thor (0.19.1) from /Users/timminkov/.rvm/gems/ruby-2.0.0-p353/specifications/thor-0.19.1.gemspec
I, [2014-05-13T16:58:41.266097 #2594]  INFO -- : 0:  railties (4.0.3) from /Users/timminkov/.rvm/gems/ruby-2.0.0-p353/specifications/railties-4.0.3.gemspec
I, [2014-05-13T16:58:41.266374 #2594]  INFO -- : 0:  coffee-rails (4.0.1) from /Users/timminkov/.rvm/gems/ruby-2.0.0-p353/specifications/coffee-rails-4.0.1.gemspec
I, [2014-05-13T16:58:41.266637 #2594]  INFO -- : 0:  hike (1.2.3) from /Users/timminkov/.rvm/gems/ruby-2.0.0-p353/specifications/hike-1.2.3.gemspec
I, [2014-05-13T16:58:41.266888 #2594]  INFO -- : 0:  jbuilder (1.5.3) from /Users/timminkov/.rvm/gems/ruby-2.0.0-p353/specifications/jbuilder-1.5.3.gemspec
I, [2014-05-13T16:58:41.267133 #2594]  INFO -- : 0:  jquery-rails (3.1.0) from /Users/timminkov/.rvm/gems/ruby-2.0.0-p353/specifications/jquery-rails-3.1.0.gemspec
I, [2014-05-13T16:58:41.267371 #2594]  INFO -- : 0:  json (1.8.1) from /Users/timminkov/.rvm/gems/ruby-2.0.0-p353/specifications/json-1.8.1.gemspec
I, [2014-05-13T16:58:41.267596 #2594]  INFO -- : 0:  bundler (1.5.1) from /Users/timminkov/.rvm/gems/ruby-2.0.0-p353@global/specifications/bundler-1.5.1.gemspec
I, [2014-05-13T16:58:41.267827 #2594]  INFO -- : 0:  tilt (1.4.1) from /Users/timminkov/.rvm/gems/ruby-2.0.0-p353/specifications/tilt-1.4.1.gemspec
I, [2014-05-13T16:58:41.268138 #2594]  INFO -- : 0:  sprockets (2.11.0) from /Users/timminkov/.rvm/gems/ruby-2.0.0-p353/specifications/sprockets-2.11.0.gemspec
I, [2014-05-13T16:58:41.268490 #2594]  INFO -- : 0:  sprockets-rails (2.0.1) from /Users/timminkov/.rvm/gems/ruby-2.0.0-p353/specifications/sprockets-rails-2.0.1.gemspec
I, [2014-05-13T16:58:41.268783 #2594]  INFO -- : 0:  rails (4.0.3) from /Users/timminkov/.rvm/gems/ruby-2.0.0-p353/specifications/rails-4.0.3.gemspec
I, [2014-05-13T16:58:41.269067 #2594]  INFO -- : 0:  rdoc (4.1.1) from /Users/timminkov/.rvm/gems/ruby-2.0.0-p353/specifications/rdoc-4.1.1.gemspec
I, [2014-05-13T16:58:41.269352 #2594]  INFO -- : 0:  sass (3.2.19) from /Users/timminkov/.rvm/gems/ruby-2.0.0-p353/specifications/sass-3.2.19.gemspec
I, [2014-05-13T16:58:41.269654 #2594]  INFO -- : 0:  sass-rails (4.0.3) from /Users/timminkov/.rvm/gems/ruby-2.0.0-p353/specifications/sass-rails-4.0.3.gemspec
I, [2014-05-13T16:58:41.269946 #2594]  INFO -- : 0:  sdoc (0.4.0) from /Users/timminkov/.rvm/gems/ruby-2.0.0-p353/specifications/sdoc-0.4.0.gemspec
I, [2014-05-13T16:58:41.270233 #2594]  INFO -- : 0:  temple (0.6.7) from /Users/timminkov/.rvm/gems/ruby-2.0.0-p353/specifications/temple-0.6.7.gemspec
I, [2014-05-13T16:58:41.270515 #2594]  INFO -- : 0:  slim (2.0.2) from /Users/timminkov/.rvm/gems/ruby-2.0.0-p353/specifications/slim-2.0.2.gemspec
I, [2014-05-13T16:58:41.270806 #2594]  INFO -- : 0:  turbolinks (2.2.2) from /Users/timminkov/.rvm/gems/ruby-2.0.0-p353/specifications/turbolinks-2.2.2.gemspec
I, [2014-05-13T16:58:41.271068 #2594]  INFO -- : 0:  uglifier (2.5.0) from /Users/timminkov/.rvm/gems/ruby-2.0.0-p353/specifications/uglifier-2.5.0.gemspec
I, [2014-05-14T10:51:54.251102 #11380]  INFO -- : 0:  rake (10.3.1) from /Users/timminkov/.rvm/gems/ruby-2.0.0-p353/specifications/rake-10.3.1.gemspec
I, [2014-05-14T10:51:55.009693 #11380]  INFO -- : 0:  minitest (5.3.3) from /Users/timminkov/.rvm/gems/ruby-2.0.0-p353/specifications/minitest-5.3.3.gemspec
I, [2014-05-14T10:51:55.010194 #11380]  INFO -- : 0:  rack (1.5.2) from /Users/timminkov/.rvm/gems/ruby-2.0.0-p353/specifications/rack-1.5.2.gemspec
I, [2014-05-14T10:51:55.010521 #11380]  INFO -- : 0:  rack-protection (1.5.3) from /Users/timminkov/.rvm/gems/ruby-2.0.0-p353/specifications/rack-protection-1.5.3.gemspec
I, [2014-05-14T10:51:55.010804 #11380]  INFO -- : 0:  rack-test (0.6.2) from /Users/timminkov/.rvm/gems/ruby-2.0.0-p353/specifications/rack-test-0.6.2.gemspec
I, [2014-05-14T10:51:55.011082 #11380]  INFO -- : 0:  tilt (1.4.1) from /Users/timminkov/.rvm/gems/ruby-2.0.0-p353/specifications/tilt-1.4.1.gemspec
I, [2014-05-14T10:51:57.863828 #11380]  INFO -- : 0:  sinatra (1.4.5) from /Users/timminkov/.rvm/gems/ruby-2.0.0-p353/specifications/sinatra-1.4.5.gemspec
I, [2014-05-14T10:51:57.864275 #11380]  INFO -- : 0:  bundler (1.5.1) from /Users/timminkov/.rvm/gems/ruby-2.0.0-p353@global/specifications/bundler-1.5.1.gemspec
